
Thanks for using JUnit! Support its development at https://junit.org/sponsoring

╷
├─ JUnit Jupiter ✔
│  ├─ PricingPolicyTests ✔
│  │  ├─ multidayratediscountpolicy1() ✔
│  │  ├─ multidayratediscountpolicy2() ✔
│  │  ├─ multidayratediscountpolicy3() ✔
│  │  └─ multidayratediscountpolicy4() ✔
│  ├─ TestDateRange ✔
│  │  ├─ testOverlapsFalse() ✔
│  │  ├─ testToYears1() ✔
│  │  ├─ testToYears3() ✔
│  │  └─ testOverlapsTrue() ✔
│  ├─ TestLocation ✔
│  │  └─ testLocation() ✔
│  └─ SystemTests ✔
│     ├─ TestBookQuotegetreturnMode() ✔
│     ├─ TestBookQuoteGetbike() ✔
│     ├─ TestGetQuoteBikeTotalPrice() ✔
│     ├─ TestGetquoteNum() ✔
│     ├─ TestBookQuoteDeposit() ✔
│     ├─ TestBookQuoteGetProvider() ✔
│     ├─ TestReturnBikeGetStatus() ✔
│     ├─ TestBookQuoteTotalPrice() ✔
│     ├─ TestBookQuoteOrderNumber() ✔
│     ├─ TestGetQuotePostCode() ✔
│     ├─ TestBookQuotegetcollectMode() ✔
│     ├─ TestGetQuoteBikeAddress() ✔
│     └─ TestGetQuoteBikeDeposite() ✔
└─ JUnit Vintage ✔

Test run finished after 206 ms
[         6 containers found      ]
[         0 containers skipped    ]
[         6 containers started    ]
[         0 containers aborted    ]
[         6 containers successful ]
[         0 containers failed     ]
[        22 tests found           ]
[         0 tests skipped         ]
[        22 tests started         ]
[         0 tests aborted         ]
[        22 tests successful      ]
[         0 tests failed          ]

